<?xml version="1.0" encoding="UTF-8"?>
<!-- Generated by org.testng.reporters.JUnitXMLReporter -->
<testsuite ignored="0" hostname="DESKTOP-0L4H45H" failures="0" tests="8" name="Default test" time="14.882" errors="0" timestamp="2024-06-08T03:53:55 IST">
  <testcase classname="api.test.DDTests" name="testPostMultiUser" time="4.277"/>
  <testcase classname="api.test.DDTests" name="testPostMultiUser" time="1.127"/>
  <testcase classname="api.test.DDTests" name="testPostMultiUser" time="1.088"/>
  <testcase classname="api.test.DDTests" name="testPostMultiUser" time="1.174"/>
  <testcase classname="api.test.DDTests" name="testDeleteMultiUser" time="1.174"/>
  <testcase classname="api.test.DDTests" name="testDeleteMultiUser" time="1.239"/>
  <testcase classname="api.test.DDTests" name="testDeleteMultiUser" time="1.088"/>
  <testcase classname="api.test.DDTests" name="testDeleteMultiUser" time="1.173"/>
</testsuite> <!-- Default test -->
