<?xml version="1.0" encoding="UTF-8"?>
<testsuite xmlns:xsi="http://www.w3.org/2001/XMLSchema-instance" xsi:noNamespaceSchemaLocation="https://maven.apache.org/surefire/maven-surefire-plugin/xsd/surefire-test-report-3.0.xsd" version="3.0" name="TestSuite" time="18.11" tests="8" errors="0" skipped="0" failures="0">
  <properties>
[...]
</properties>
  <testcase name="testPostUser" classname="api.test.UserTests" time="4.34">
    <system-out><![CDATA[HTTP/1.1 200 OK
Date: Mon, 10 Jun 2024 19:36:07 GMT
Content-Type: application/json
Transfer-Encoding: chunked
Connection: keep-alive
Access-Control-Allow-Origin: *
Access-Control-Allow-Methods: GET, POST, DELETE, PUT
Access-Control-Allow-Headers: Content-Type, api_key, Authorization
Server: Jetty(9.2.9.v20150224)

{
    "code": 200,
    "type": "unknown",
    "message": "1564698139"
}
]]></system-out>
    <system-err><![CDATA[SLF4J: Failed to load class "org.slf4j.impl.StaticLoggerBinder".
SLF4J: Defaulting to no-operation (NOP) logger implementation
SLF4J: See http://www.slf4j.org/codes.html#StaticLoggerBinder for further details.
]]></system-err>
  </testcase>
  <testcase name="testGetUser" classname="api.test.UserTests" time="1.294">
    <system-out><![CDATA[HTTP/1.1 200 OK
Date: Mon, 10 Jun 2024 19:36:09 GMT
Content-Type: application/json
Transfer-Encoding: chunked
Connection: keep-alive
Access-Control-Allow-Origin: *
Access-Control-Allow-Methods: GET, POST, DELETE, PUT
Access-Control-Allow-Headers: Content-Type, api_key, Authorization
Server: Jetty(9.2.9.v20150224)

{
    "id": 1564698139,
    "username": "keira.wolf",
    "firstName": "Vicenta",
    "lastName": "Bashirian",
    "email": "tajuana.hagenes@example.com",
    "password": "fgimda",
    "phone": "(250) 115-5996",
    "userStatus": 0
}
]]></system-out>
  </testcase>
  <testcase name="testPutUser" classname="api.test.UserTests" time="2.27">
    <system-out><![CDATA[HTTP/1.1 200 OK
Date: Mon, 10 Jun 2024 19:36:10 GMT
Content-Type: application/json
Transfer-Encoding: chunked
Connection: keep-alive
Access-Control-Allow-Origin: *
Access-Control-Allow-Methods: GET, POST, DELETE, PUT
Access-Control-Allow-Headers: Content-Type, api_key, Authorization
Server: Jetty(9.2.9.v20150224)

{
    "code": 200,
    "type": "unknown",
    "message": "1564698139"
}
{
    "code": 200,
    "type": "unknown",
    "message": "1564698139"
}
{
    "id": 1564698139,
    "username": "keira.wolf",
    "firstName": "Cyril",
    "lastName": "Harber",
    "email": "marchelle.wilderman@example.com",
    "password": "fgimda",
    "phone": "(250) 115-5996",
    "userStatus": 0
}
]]></system-out>
  </testcase>
  <testcase name="testDeleteUser" classname="api.test.UserTests" time="1.14">
    <system-out><![CDATA[HTTP/1.1 200 OK
Date: Mon, 10 Jun 2024 19:36:12 GMT
Content-Type: application/json
Transfer-Encoding: chunked
Connection: keep-alive
Access-Control-Allow-Origin: *
Access-Control-Allow-Methods: GET, POST, DELETE, PUT
Access-Control-Allow-Headers: Content-Type, api_key, Authorization
Server: Jetty(9.2.9.v20150224)

{
    "code": 200,
    "type": "unknown",
    "message": "keira.wolf"
}
]]></system-out>
  </testcase>
  <testcase name="testPostUser" classname="api.test.UserTests1" time="1.237">
    <system-out><![CDATA[HTTP/1.1 200 OK
Date: Mon, 10 Jun 2024 19:36:13 GMT
Content-Type: application/json
Transfer-Encoding: chunked
Connection: keep-alive
Access-Control-Allow-Origin: *
Access-Control-Allow-Methods: GET, POST, DELETE, PUT
Access-Control-Allow-Headers: Content-Type, api_key, Authorization
Server: Jetty(9.2.9.v20150224)

{
    "code": 200,
    "type": "unknown",
    "message": "781307753"
}
]]></system-out>
  </testcase>
  <testcase name="testGetUser" classname="api.test.UserTests1" time="1.148">
    <system-out><![CDATA[HTTP/1.1 200 OK
Date: Mon, 10 Jun 2024 19:36:15 GMT
Content-Type: application/json
Transfer-Encoding: chunked
Connection: keep-alive
Access-Control-Allow-Origin: *
Access-Control-Allow-Methods: GET, POST, DELETE, PUT
Access-Control-Allow-Headers: Content-Type, api_key, Authorization
Server: Jetty(9.2.9.v20150224)

{
    "id": 781307753,
    "username": "jeremiah.wuckert",
    "firstName": "Martin",
    "lastName": "Gaylord",
    "email": "jim.harber@example.com",
    "password": "ar7cz",
    "phone": "1-263-442-2923",
    "userStatus": 0
}
]]></system-out>
  </testcase>
  <testcase name="testPutUser" classname="api.test.UserTests1" time="2.35">
    <system-out><![CDATA[HTTP/1.1 200 OK
Date: Mon, 10 Jun 2024 19:36:16 GMT
Content-Type: application/json
Transfer-Encoding: chunked
Connection: keep-alive
Access-Control-Allow-Origin: *
Access-Control-Allow-Methods: GET, POST, DELETE, PUT
Access-Control-Allow-Headers: Content-Type, api_key, Authorization
Server: Jetty(9.2.9.v20150224)

{
    "code": 200,
    "type": "unknown",
    "message": "781307753"
}
{
    "code": 200,
    "type": "unknown",
    "message": "781307753"
}
{
    "id": 781307753,
    "username": "jeremiah.wuckert",
    "firstName": "Brittney",
    "lastName": "Parisian",
    "email": "forrest.shanahan@example.com",
    "password": "ar7cz",
    "phone": "1-263-442-2923",
    "userStatus": 0
}
]]></system-out>
  </testcase>
  <testcase name="testDeleteUser" classname="api.test.UserTests1" time="1.064">
    <system-out><![CDATA[HTTP/1.1 200 OK
Date: Mon, 10 Jun 2024 19:36:18 GMT
Content-Type: application/json
Transfer-Encoding: chunked
Connection: keep-alive
Access-Control-Allow-Origin: *
Access-Control-Allow-Methods: GET, POST, DELETE, PUT
Access-Control-Allow-Headers: Content-Type, api_key, Authorization
Server: Jetty(9.2.9.v20150224)

{
    "code": 200,
    "type": "unknown",
    "message": "jeremiah.wuckert"
}
]]></system-out>
  </testcase>
</testsuite>