<?xml version="1.0" encoding="UTF-8"?>
<testng-results ignored="0" total="8" passed="8" failed="0" skipped="0">
  <reporter-output>
  </reporter-output>
  <suite started-at="2024-06-11T01:06:03 IST" name="PetSuite" finished-at="2024-06-11T01:06:20 IST" duration-ms="16639">
    <groups>
    </groups>
    <test started-at="2024-06-11T01:06:03 IST" name="PetTest" finished-at="2024-06-11T01:06:20 IST" duration-ms="16639">
      <class name="api.test.UserTests">
        <test-method is-config="true" signature="setupdata()[pri:0, instance:api.test.UserTests@6c80d78a]" started-at="2024-06-11T01:06:03 IST" name="setupdata" finished-at="2024-06-11T01:06:05 IST" duration-ms="1178" status="PASS">
          <reporter-output>
          </reporter-output>
        </test-method> <!-- setupdata -->
        <test-method signature="testPostUser()[pri:1, instance:api.test.UserTests@6c80d78a]" started-at="2024-06-11T01:06:05 IST" name="testPostUser" finished-at="2024-06-11T01:06:09 IST" duration-ms="4321" status="PASS">
          <reporter-output>
          </reporter-output>
        </test-method> <!-- testPostUser -->
        <test-method signature="testGetUser()[pri:2, instance:api.test.UserTests@6c80d78a]" started-at="2024-06-11T01:06:09 IST" name="testGetUser" finished-at="2024-06-11T01:06:10 IST" duration-ms="1268" status="PASS">
          <reporter-output>
          </reporter-output>
        </test-method> <!-- testGetUser -->
        <test-method signature="testPutUser()[pri:3, instance:api.test.UserTests@6c80d78a]" started-at="2024-06-11T01:06:10 IST" name="testPutUser" finished-at="2024-06-11T01:06:12 IST" duration-ms="2279" status="PASS">
          <reporter-output>
          </reporter-output>
        </test-method> <!-- testPutUser -->
        <test-method signature="testDeleteUser()[pri:4, instance:api.test.UserTests@6c80d78a]" started-at="2024-06-11T01:06:12 IST" name="testDeleteUser" finished-at="2024-06-11T01:06:14 IST" duration-ms="1150" status="PASS">
          <reporter-output>
          </reporter-output>
        </test-method> <!-- testDeleteUser -->
      </class> <!-- api.test.UserTests -->
      <class name="api.test.UserTests1">
        <test-method is-config="true" signature="setupdata()[pri:0, instance:api.test.UserTests1@8dbdac1]" started-at="2024-06-11T01:06:14 IST" name="setupdata" finished-at="2024-06-11T01:06:14 IST" duration-ms="182" status="PASS">
          <reporter-output>
          </reporter-output>
        </test-method> <!-- setupdata -->
        <test-method signature="testPostUser()[pri:1, instance:api.test.UserTests1@8dbdac1]" started-at="2024-06-11T01:06:14 IST" name="testPostUser" finished-at="2024-06-11T01:06:15 IST" duration-ms="1222" status="PASS">
          <reporter-output>
          </reporter-output>
        </test-method> <!-- testPostUser -->
        <test-method signature="testGetUser()[pri:2, instance:api.test.UserTests1@8dbdac1]" started-at="2024-06-11T01:06:15 IST" name="testGetUser" finished-at="2024-06-11T01:06:16 IST" duration-ms="1141" status="PASS">
          <reporter-output>
          </reporter-output>
        </test-method> <!-- testGetUser -->
        <test-method signature="testPutUser()[pri:3, instance:api.test.UserTests1@8dbdac1]" started-at="2024-06-11T01:06:16 IST" name="testPutUser" finished-at="2024-06-11T01:06:18 IST" duration-ms="2359" status="PASS">
          <reporter-output>
          </reporter-output>
        </test-method> <!-- testPutUser -->
        <test-method signature="testDeleteUser()[pri:4, instance:api.test.UserTests1@8dbdac1]" started-at="2024-06-11T01:06:19 IST" name="testDeleteUser" finished-at="2024-06-11T01:06:20 IST" duration-ms="1055" status="PASS">
          <reporter-output>
          </reporter-output>
        </test-method> <!-- testDeleteUser -->
      </class> <!-- api.test.UserTests1 -->
    </test> <!-- PetTest -->
  </suite> <!-- PetSuite -->
</testng-results>
