<?xml version="1.0" encoding="UTF-8"?>
<!-- Generated by org.testng.reporters.JUnitXMLReporter -->
<testsuite ignored="0" hostname="DESKTOP-0L4H45H" failures="0" tests="8" name="PetTest" time="16.639" errors="0" timestamp="2024-06-11T01:06:20 IST">
  <testcase classname="api.test.UserTests" name="testPostUser" time="4.321"/>
  <testcase classname="api.test.UserTests" name="testGetUser" time="1.268"/>
  <testcase classname="api.test.UserTests" name="testPutUser" time="2.279"/>
  <testcase classname="api.test.UserTests" name="testDeleteUser" time="1.15"/>
  <testcase classname="api.test.UserTests1" name="testPostUser" time="1.222"/>
  <testcase classname="api.test.UserTests1" name="testGetUser" time="1.141"/>
  <testcase classname="api.test.UserTests1" name="testPutUser" time="2.359"/>
  <testcase classname="api.test.UserTests1" name="testDeleteUser" time="1.055"/>
</testsuite> <!-- PetTest -->
