<?xml version="1.0" encoding="UTF-8"?>
<!-- Generated by org.testng.reporters.JUnitXMLReporter -->
<testsuite ignored="0" hostname="DESKTOP-0L4H45H" failures="0" tests="8" name="PetTest" time="20.903" errors="0" timestamp="2024-06-08T16:42:10 IST">
  <testcase classname="api.test.UserTests" name="testPostUser" time="8.786"/>
  <testcase classname="api.test.UserTests" name="testGetUser" time="1.133"/>
  <testcase classname="api.test.UserTests" name="testPutUser" time="2.309"/>
  <testcase classname="api.test.UserTests" name="testDeleteUser" time="1.147"/>
  <testcase classname="api.test.UserTests1" name="testPostUser" time="1.161"/>
  <testcase classname="api.test.UserTests1" name="testGetUser" time="1.14"/>
  <testcase classname="api.test.UserTests1" name="testPutUser" time="2.322"/>
  <testcase classname="api.test.UserTests1" name="testDeleteUser" time="1.102"/>
</testsuite> <!-- PetTest -->
